2023-08-06 02:11:57.914353 - Initialized conversion of CBT205
2023-08-06 02:11:58.110471 - Received CBT.V505.FILE205.PDS from FILE205.XMI 
2023-08-06 02:11:58.112850 - Found $$$#DATE.txt (text/plain) in CBT.V505.FILE205.PDS, moved to PDS/$$$#DATE
2023-08-06 02:11:58.113903 - Found $$INDEX.txt (text/plain) in CBT.V505.FILE205.PDS, moved to PDS/$$INDEX
2023-08-06 02:11:58.114886 - Found $INDEX.txt (text/plain) in CBT.V505.FILE205.PDS, moved to PDS/$INDEX
2023-08-06 02:11:58.115817 - Found $SCRIPTC.jcl (text/plain) in CBT.V505.FILE205.PDS, moved to PDS/$SCRIPTC
2023-08-06 02:11:58.116830 - Found $SCRIPTP.jcl (text/plain) in CBT.V505.FILE205.PDS, moved to PDS/$SCRIPTP
2023-08-06 02:11:58.117825 - Found $SCRIPTS.jcl (text/plain) in CBT.V505.FILE205.PDS, moved to PDS/$SCRIPTS
2023-08-06 02:11:58.118756 - Found @FILE205.txt (text/plain) in CBT.V505.FILE205.PDS, moved to PDS/@FILE205
2023-08-06 02:11:58.119663 - Found ABSTRACT.txt (text/plain) in CBT.V505.FILE205.PDS, moved to PDS/ABSTRACT
2023-08-06 02:11:58.120612 - Found IPLDOFX.txt (text/plain) in CBT.V505.FILE205.PDS, moved to PDS/IPLDOFX
2023-08-06 02:11:58.121573 - Found IPLMVSX.txt (text/plain) in CBT.V505.FILE205.PDS, moved to PDS/IPLMVSX
2023-08-06 02:11:58.122429 - Found IPLMVSXO.txt (text/plain) in CBT.V505.FILE205.PDS, moved to PDS/IPLMVSXO
2023-08-06 02:11:58.123389 - Found IVPCSC.txt (text/plain) in CBT.V505.FILE205.PDS, moved to PDS/IVPCSC
2023-08-06 02:11:58.124232 - Found IVPDOF.txt (text/plain) in CBT.V505.FILE205.PDS, moved to PDS/IVPDOF
2023-08-06 02:11:58.125257 - Found IVPDOFX.txt (text/plain) in CBT.V505.FILE205.PDS, moved to PDS/IVPDOFX
2023-08-06 02:11:58.126153 - Found IVPMVSX.txt (text/plain) in CBT.V505.FILE205.PDS, moved to PDS/IVPMVSX
2023-08-06 02:11:58.127104 - Found SINGLE.txt (text/plain) in CBT.V505.FILE205.PDS, moved to PDS/SINGLE
2023-08-06 02:11:58.128023 - Found SINGLEIM.txt (text/plain) in CBT.V505.FILE205.PDS, moved to PDS/SINGLEIM
2023-08-06 02:11:58.128890 - Found SYSPROGM.txt (text/plain) in CBT.V505.FILE205.PDS, moved to PDS/SYSPROGM
2023-08-06 02:11:58.129802 - Found ZIMBED.txt (text/plain) in CBT.V505.FILE205.PDS, moved to PDS/ZIMBED
